c:\users\mostafa16407\documents\visual studio 2010\projects\balance ball\balance ball\debug\ball.obj
c:\users\mostafa16407\documents\visual studio 2010\projects\balance ball\balance ball\debug\vc100.pdb
c:\users\mostafa16407\documents\visual studio 2010\projects\balance ball\debug\balance ball.ilk
c:\users\mostafa16407\documents\visual studio 2010\projects\balance ball\debug\balance ball.exe
c:\users\mostafa16407\documents\visual studio 2010\projects\balance ball\balance ball\debug\balance ball.exe.intermediate.manifest
c:\users\mostafa16407\documents\visual studio 2010\projects\balance ball\debug\balance ball.pdb
f:\bfci\third year\second term\graphics\balance ball\balance ball\debug\vc140.pdb
f:\bfci\third year\second term\graphics\balance ball\balance ball\debug\vc140.idb
f:\bfci\third year\second term\graphics\balance ball\balance ball\debug\ball.obj
f:\bfci\third year\second term\graphics\balance ball\balance ball\debug\balance ball.write.1.tlog
f:\bfci\third year\second term\graphics\balance ball\balance ball\debug\cl.command.1.tlog
f:\bfci\third year\second term\graphics\balance ball\balance ball\debug\cl.read.1.tlog
f:\bfci\third year\second term\graphics\balance ball\balance ball\debug\cl.write.1.tlog
f:\bfci\third year\second term\graphics\balance ball\balance ball\debug\link.command.1.tlog
f:\bfci\third year\second term\graphics\balance ball\balance ball\debug\link.read.1.tlog
f:\bfci\third year\second term\graphics\balance ball\balance ball\debug\link.write.1.tlog
f:\bfci\third year\second term\graphics\balance ball\balance ball\debug\mt.command.1.tlog
f:\bfci\third year\second term\graphics\balance ball\balance ball\debug\mt.read.1.tlog
f:\bfci\third year\second term\graphics\balance ball\balance ball\debug\mt.write.1.tlog
f:\bfci\third year\second term\graphics\balance ball\balance ball\debug\balance ball.exe.intermediate.manifest
f:\bfci\third year\second term\graphics\balance ball\balance ball\debug\vc100.idb
f:\bfci\third year\second term\graphics\balance ball\balance ball\debug\vc100.pdb
f:\bfci\third year\second term\graphics\balance ball\debug\balance ball.pdb
f:\bfci\third year\second term\graphics\balance ball\balance ball\debug\balance ball.tlog\cl.command.1.tlog
f:\bfci\third year\second term\graphics\balance ball\balance ball\debug\balance ball.tlog\cl.read.1.tlog
f:\bfci\third year\second term\graphics\balance ball\balance ball\debug\balance ball.tlog\cl.write.1.tlog
f:\bfci\third year\second term\graphics\balance ball\balance ball\debug\balance ball.tlog\link-cvtres.read.1.tlog
f:\bfci\third year\second term\graphics\balance ball\balance ball\debug\balance ball.tlog\link-cvtres.write.1.tlog
f:\bfci\third year\second term\graphics\balance ball\balance ball\debug\balance ball.tlog\link-rc.read.1.tlog
f:\bfci\third year\second term\graphics\balance ball\balance ball\debug\balance ball.tlog\link-rc.write.1.tlog
f:\bfci\third year\second term\graphics\balance ball\balance ball\debug\balance ball.tlog\link.command.1.tlog
f:\bfci\third year\second term\graphics\balance ball\balance ball\debug\balance ball.tlog\link.read.1.tlog
f:\bfci\third year\second term\graphics\balance ball\balance ball\debug\balance ball.tlog\link.write.1.tlog
